\BOOKMARK [1][-]{section.1}{\376\377\000R\000e\000s\000u\000m\000e\000n\000\040\000d\000e\000l\000\040\000P\000r\000o\000y\000e\000c\000t\000o}{}% 1
\BOOKMARK [1][-]{section.2}{\376\377\000O\000b\000j\000e\000t\000i\000v\000o\000s\000\040\000d\000e\000l\000\040\000P\000r\000o\000y\000e\000c\000t\000o}{}% 2
\BOOKMARK [1][-]{section.3}{\376\377\000T\000\351\000c\000n\000i\000c\000a\000s\000\040\000d\000e\000\040\000I\000n\000t\000e\000g\000r\000a\000c\000i\000\363\000n\000\040\000N\000u\000m\000\351\000r\000i\000c\000a}{}% 3
\BOOKMARK [2][-]{subsection.3.1}{\376\377\000R\000e\000g\000l\000a\000\040\000d\000e\000l\000\040\000T\000r\000a\000p\000e\000c\000i\000o}{section.3}% 4
\BOOKMARK [2][-]{subsection.3.2}{\376\377\000R\000e\000g\000l\000a\000\040\000d\000e\000\040\000S\000i\000m\000p\000s\000o\000n}{section.3}% 5
\BOOKMARK [2][-]{subsection.3.3}{\376\377\000C\000u\000a\000d\000r\000a\000t\000u\000r\000a\000\040\000G\000a\000u\000s\000s\000i\000a\000n\000a}{section.3}% 6
\BOOKMARK [1][-]{section.4}{\376\377\000F\000u\000n\000c\000i\000o\000n\000e\000s\000\040\000d\000e\000\040\000P\000r\000u\000e\000b\000a}{}% 7
\BOOKMARK [2][-]{subsection.4.1}{\376\377\000S\000o\000l\000u\000c\000i\000o\000n\000e\000s\000\040\000a\000n\000a\000l\000\355\000t\000i\000c\000a\000s}{section.4}% 8
\BOOKMARK [2][-]{subsection.4.2}{\376\377\000R\000e\000e\000m\000p\000l\000a\000z\000o\000\040\000e\000n\000\040\000i\000n\000t\000e\000r\000v\000a\000l\000o}{section.4}% 9
\BOOKMARK [1][-]{section.5}{\376\377\000I\000m\000p\000l\000e\000m\000e\000n\000t\000a\000c\000i\000\363\000n\000\040\000e\000n\000\040\000P\000y\000t\000h\000o\000n}{}% 10
\BOOKMARK [1][-]{section.6}{\376\377\000R\000e\000s\000u\000l\000t\000a\000d\000o\000s}{}% 11
\BOOKMARK [2][-]{subsection.6.1}{\376\377\000E\000f\000i\000c\000i\000e\000n\000c\000i\000a}{section.6}% 12
\BOOKMARK [3][-]{subsubsection.6.1.1}{\376\377\000F\000u\000n\000c\000i\000\363\000n\000\040\000T\000r\000i\000g\000o\000n\000o\000m\000\351\000t\000r\000i\000c\000a}{subsection.6.1}% 13
\BOOKMARK [3][-]{subsubsection.6.1.2}{\376\377\000F\000u\000n\000c\000i\000\363\000n\000\040\000P\000o\000l\000i\000n\000o\000m\000i\000a\000l}{subsection.6.1}% 14
\BOOKMARK [3][-]{subsubsection.6.1.3}{\376\377\000F\000u\000n\000c\000i\000\363\000n\000\040\000R\000a\000c\000i\000o\000n\000a\000l}{subsection.6.1}% 15
\BOOKMARK [2][-]{subsection.6.2}{\376\377\000P\000r\000e\000c\000i\000s\000i\000\363\000n}{section.6}% 16
\BOOKMARK [3][-]{subsubsection.6.2.1}{\376\377\000F\000u\000n\000c\000i\000\363\000n\000\040\000P\000o\000l\000i\000n\000o\000m\000i\000a\000l}{subsection.6.2}% 17
\BOOKMARK [3][-]{subsubsection.6.2.2}{\376\377\000F\000u\000n\000c\000i\000\363\000n\000\040\000R\000a\000c\000i\000o\000n\000a\000l}{subsection.6.2}% 18
\BOOKMARK [3][-]{subsubsection.6.2.3}{\376\377\000F\000u\000n\000c\000i\000\363\000n\000\040\000T\000r\000i\000g\000o\000n\000o\000m\000\351\000t\000r\000i\000c\000a}{subsection.6.2}% 19
\BOOKMARK [2][-]{subsection.6.3}{\376\377\000A\000n\000\341\000l\000i\000s\000i\000s\000\040\000d\000e\000\040\000r\000e\000s\000u\000l\000t\000a\000d\000o\000s}{section.6}% 20
\BOOKMARK [1][-]{section.7}{\376\377\000A\000p\000l\000i\000c\000a\000c\000i\000o\000n\000e\000s}{}% 21
\BOOKMARK [1][-]{section.8}{\376\377\000C\000o\000n\000c\000l\000u\000s\000i\000o\000n\000e\000s}{}% 22
